<?xml version="1.0" encoding="UTF-8"?>
<!-- Generated by org.testng.reporters.JUnitXMLReporter -->
<testsuite hostname="WIN-RNSFEOB64JB" name="Default test" tests="5" failures="0" timestamp="26 Jul 2015 08:11:17 GMT" time="15.975" errors="0">
  <testcase name="testGroupCreationWithValidData" time="2.17" classname="com.example.tests.GroupCreationTests"/>
  <testcase name="testGroupCreationWithValidData" time="1.301" classname="com.example.tests.GroupCreationTests"/>
  <testcase name="testGroupCreationWithValidData" time="1.365" classname="com.example.tests.GroupCreationTests"/>
  <testcase name="testGroupCreationWithValidData" time="1.399" classname="com.example.tests.GroupCreationTests"/>
  <testcase name="testGroupCreationWithValidData" time="2.236" classname="com.example.tests.GroupCreationTests"/>
</testsuite> <!-- Default test -->
